2025-09-15 15:02:01.627000+00:00| INFO | cloud_migration | Uploaded parquet_data\monitoring_20250915_190200.parquet to S3 at archived_data/monitoring_20250915_190200.parquet
2025-09-15 15:02:01.629000+00:00| INFO | cloud_migration | Uploaded parquet_data\proc_diagnostics_20250915_190200.parquet to S3 at archived_data/proc_diagnostics_20250915_190200.parquet
2025-09-15 15:02:01.631000+00:00| INFO | cloud_migration | Uploaded parquet_data\ticks_20250915_190200.parquet to S3 at archived_data/ticks_20250915_190200.parquet
2025-09-15 15:02:01.632000+00:00| INFO | cloud_migration | Uploaded parquet_data\uptime_diagnostics_20250915_190200.parquet to S3 at archived_data/uptime_diagnostics_20250915_190200.parquet
2025-09-15 15:02:01.632000+00:00| INFO | cloud_migration | Uploaded parquet_data\ws_diagnostics_20250915_190200.parquet to S3 at archived_data/ws_diagnostics_20250915_190200.parquet
2025-09-15 15:02:02.439000+00:00| INFO | kafka_consumer | Inserted 3 rows to ticks_db.
2025-09-15 15:02:03.416000+00:00| INFO | kafka_consumer | Inserted 111 rows to ticks_db.
2025-09-15 15:02:04.434000+00:00| INFO | kafka_consumer | Inserted 3 rows to ticks_db.
2025-09-15 15:02:05.420000+00:00| INFO | kafka_consumer | Inserted 4 rows to ticks_db.
2025-09-15 15:02:06.482000+00:00| INFO | kafka_consumer | Inserted 14 rows to ticks_db.
2025-09-15 15:02:07.492000+00:00| INFO | kafka_consumer | Inserted 25 rows to ticks_db.
2025-09-15 15:02:08.515000+00:00| INFO | kafka_consumer | Inserted 2 rows to ticks_db.
2025-09-15 15:02:09.543000+00:00| INFO | kafka_consumer | Inserted 4 rows to ticks_db.
2025-09-15 15:02:10.512000+00:00| INFO | kafka_consumer | Inserted 31 rows to ticks_db.
2025-09-15 15:02:12.511000+00:00| INFO | kafka_consumer | Inserted 1 rows to ticks_db.
2025-09-15 15:02:13.522000+00:00| INFO | kafka_consumer | Inserted 10 rows to ticks_db.
2025-09-15 15:02:15.531000+00:00| INFO | kafka_consumer | Inserted 2 rows to ticks_db.
2025-09-15 15:02:16.542000+00:00| INFO | kafka_consumer | Inserted 3 rows to ticks_db.
2025-09-15 15:02:17.555000+00:00| INFO | kafka_consumer | Inserted 31 rows to ticks_db.
2025-09-15 15:02:18.698000+00:00| INFO | kafka_consumer | Inserted 18 rows to ticks_db.
2025-09-15 15:02:19.691000+00:00| INFO | kafka_consumer | Inserted 93 rows to ticks_db.
2025-09-15 15:02:19.904000+00:00| INFO | kafka_consumer | Inserted 150 rows to ticks_db.
2025-09-15 15:02:20.732000+00:00| INFO | kafka_consumer | Inserted 88 rows to ticks_db.
2025-09-15 15:02:21.168000+00:00| INFO | monitoring | Inserted ticks monitoring data for 598 messages.
2025-09-15 15:02:21.763000+00:00| INFO | kafka_consumer | Inserted 97 rows to ticks_db.
2025-09-15 15:02:22.046000+00:00| INFO | monitoring | Completed a monitoring cycle.
2025-09-15 15:02:23.760000+00:00| INFO | kafka_consumer | Inserted 5 rows to ticks_db.
2025-09-15 15:02:24.790000+00:00| INFO | kafka_consumer | Inserted 3 rows to ticks_db.
2025-09-15 15:02:25.789000+00:00| INFO | kafka_consumer | Inserted 11 rows to ticks_db.
2025-09-15 15:02:26.784000+00:00| INFO | kafka_consumer | Inserted 1 rows to ticks_db.
2025-09-15 15:02:29.038000+00:00| INFO | kafka_consumer | Inserted 3 rows to ticks_db.
2025-09-15 15:02:30.070000+00:00| INFO | kafka_consumer | Inserted 1 rows to ticks_db.
2025-09-15 15:02:31.052000+00:00| INFO | kafka_consumer | Inserted 56 rows to ticks_db.
2025-09-15 15:02:32.082000+00:00| INFO | kafka_consumer | Inserted 18 rows to ticks_db.
2025-09-15 15:02:33.061000+00:00| INFO | kafka_consumer | Inserted 53 rows to ticks_db.
2025-09-15 15:02:34.134000+00:00| INFO | kafka_consumer | Inserted 1 rows to ticks_db.
2025-09-15 15:02:34.472000+00:00| INFO | kafka_consumer | Inserted 150 rows to ticks_db.
2025-09-15 15:02:35.116000+00:00| INFO | kafka_consumer | Inserted 80 rows to ticks_db.
2025-09-15 15:02:36.080000+00:00| INFO | kafka_consumer | Inserted 131 rows to ticks_db.
2025-09-15 15:02:37.098000+00:00| INFO | kafka_consumer | Inserted 2 rows to ticks_db.
2025-09-15 15:02:38.122000+00:00| INFO | kafka_consumer | Inserted 2 rows to ticks_db.
2025-09-15 15:02:40.104000+00:00| INFO | kafka_consumer | Inserted 1 rows to ticks_db.
2025-09-15 15:02:41.089000+00:00| INFO | kafka_consumer | Inserted 1 rows to ticks_db.
2025-09-15 15:02:42.117000+00:00| INFO | kafka_consumer | Inserted 2 rows to ticks_db.
2025-09-15 15:02:43.108000+00:00| INFO | kafka_consumer | Inserted 41 rows to ticks_db.
2025-09-15 15:02:44.108000+00:00| INFO | kafka_consumer | Inserted 1 rows to ticks_db.
2025-09-15 15:02:45.131000+00:00| INFO | kafka_consumer | Inserted 4 rows to ticks_db.
2025-09-15 15:02:46.109000+00:00| INFO | kafka_consumer | Inserted 64 rows to ticks_db.
2025-09-15 15:02:47.130000+00:00| INFO | kafka_consumer | Inserted 7 rows to ticks_db.
2025-09-15 15:02:48.161000+00:00| INFO | kafka_consumer | Inserted 21 rows to ticks_db.
2025-09-15 15:02:49.179000+00:00| INFO | kafka_consumer | Inserted 26 rows to ticks_db.
2025-09-15 15:02:50.191000+00:00| INFO | kafka_consumer | Inserted 75 rows to ticks_db.
2025-09-15 15:02:51.148000+00:00| INFO | kafka_consumer | Inserted 132 rows to ticks_db.
2025-09-15 15:02:51.677000+00:00| INFO | monitoring | Inserted ticks monitoring data for 989 messages.
2025-09-15 15:02:52.230000+00:00| INFO | monitoring | Completed a monitoring cycle.
2025-09-15 15:02:53.165000+00:00| INFO | kafka_consumer | Inserted 1 rows to ticks_db.
2025-09-15 15:02:54.212000+00:00| INFO | kafka_consumer | Inserted 1 rows to ticks_db.
2025-09-15 15:02:55.221000+00:00| INFO | kafka_consumer | Inserted 27 rows to ticks_db.
2025-09-15 15:02:57.166000+00:00| INFO | kafka_consumer | Inserted 52 rows to ticks_db.
2025-09-15 15:02:59.182000+00:00| INFO | kafka_consumer | Inserted 2 rows to ticks_db.
2025-09-15 15:03:00.187000+00:00| INFO | kafka_consumer | Inserted 3 rows to ticks_db.
2025-09-15 15:03:01.198000+00:00| INFO | kafka_consumer | Inserted 1 rows to ticks_db.
2025-09-15 15:03:02.203000+00:00| INFO | kafka_consumer | Inserted 1 rows to ticks_db.
2025-09-15 15:03:03.189000+00:00| INFO | kafka_consumer | Inserted 6 rows to ticks_db.
2025-09-15 15:03:05.207000+00:00| INFO | kafka_consumer | Inserted 42 rows to ticks_db.
2025-09-15 15:03:07.210000+00:00| INFO | kafka_consumer | Inserted 32 rows to ticks_db.
2025-09-15 15:03:08.216000+00:00| INFO | kafka_consumer | Inserted 53 rows to ticks_db.
2025-09-15 15:03:09.247000+00:00| INFO | kafka_consumer | Inserted 54 rows to ticks_db.
2025-09-15 15:03:09.535000+00:00| INFO | kafka_consumer | Inserted 150 rows to ticks_db.
2025-09-15 15:03:10.267000+00:00| INFO | kafka_consumer | Inserted 112 rows to ticks_db.
2025-09-15 15:03:11.263000+00:00| INFO | kafka_consumer | Inserted 4 rows to ticks_db.
2025-09-15 15:03:12.255000+00:00| INFO | kafka_consumer | Inserted 52 rows to ticks_db.
2025-09-15 15:03:14.288000+00:00| INFO | kafka_consumer | Inserted 5 rows to ticks_db.
2025-09-15 15:03:16.528000+00:00| INFO | kafka_consumer | Inserted 75 rows to ticks_db.
2025-09-15 15:03:18.517000+00:00| INFO | kafka_consumer | Inserted 1 rows to ticks_db.
2025-09-15 15:03:19.537000+00:00| INFO | kafka_consumer | Inserted 1 rows to ticks_db.
2025-09-15 15:03:20.578000+00:00| INFO | kafka_consumer | Inserted 6 rows to ticks_db.
2025-09-15 15:03:21.520000+00:00| INFO | kafka_consumer | Inserted 2 rows to ticks_db.
2025-09-15 15:03:22.108000+00:00| INFO | monitoring | Inserted ticks monitoring data for 683 messages.
2025-09-15 15:03:22.412000+00:00| INFO | monitoring | Completed a monitoring cycle.
2025-09-15 15:03:22.529000+00:00| INFO | kafka_consumer | Inserted 2 rows to ticks_db.
2025-09-15 15:03:23.525000+00:00| INFO | kafka_consumer | Inserted 2 rows to ticks_db.
2025-09-15 15:03:24.619000+00:00| INFO | kafka_consumer | Inserted 1 rows to ticks_db.
2025-09-15 15:03:26.559000+00:00| INFO | kafka_consumer | Inserted 107 rows to ticks_db.
2025-09-15 15:03:27.559000+00:00| INFO | kafka_consumer | Inserted 30 rows to ticks_db.
2025-09-15 15:03:28.560000+00:00| INFO | kafka_consumer | Inserted 9 rows to ticks_db.
2025-09-15 15:03:29.555000+00:00| INFO | kafka_consumer | Inserted 2 rows to ticks_db.
2025-09-15 15:03:31.556000+00:00| INFO | kafka_consumer | Inserted 1 rows to ticks_db.
2025-09-15 15:03:34.556000+00:00| INFO | kafka_consumer | Inserted 4 rows to ticks_db.
2025-09-15 15:03:35.590000+00:00| INFO | kafka_consumer | Inserted 3 rows to ticks_db.
2025-09-15 15:03:36.578000+00:00| INFO | kafka_consumer | Inserted 38 rows to ticks_db.
2025-09-15 15:03:37.559000+00:00| INFO | kafka_consumer | Inserted 4 rows to ticks_db.
2025-09-15 15:03:38.552000+00:00| INFO | kafka_consumer | Inserted 2 rows to ticks_db.
2025-09-15 15:03:39.578000+00:00| INFO | kafka_consumer | Inserted 1 rows to ticks_db.
2025-09-15 15:03:40.645000+00:00| INFO | kafka_consumer | Inserted 28 rows to ticks_db.
2025-09-15 15:03:40.887000+00:00| INFO | kafka_consumer | Inserted 150 rows to ticks_db.
2025-09-15 15:03:41.570000+00:00| INFO | kafka_consumer | Inserted 16 rows to ticks_db.
2025-09-15 15:03:42.564000+00:00| INFO | kafka_consumer | Inserted 3 rows to ticks_db.
2025-09-15 15:03:44.595000+00:00| INFO | kafka_consumer | Inserted 3 rows to ticks_db.
2025-09-15 15:03:45.584000+00:00| INFO | kafka_consumer | Inserted 33 rows to ticks_db.
2025-09-15 15:03:46.579000+00:00| INFO | kafka_consumer | Inserted 106 rows to ticks_db.
2025-09-15 15:03:47.587000+00:00| INFO | kafka_consumer | Inserted 10 rows to ticks_db.
2025-09-15 15:03:48.577000+00:00| INFO | kafka_consumer | Inserted 1 rows to ticks_db.
2025-09-15 15:03:49.583000+00:00| INFO | kafka_consumer | Inserted 9 rows to ticks_db.
2025-09-15 15:03:50.644000+00:00| INFO | kafka_consumer | Inserted 40 rows to ticks_db.
2025-09-15 15:03:50.961000+00:00| INFO | kafka_consumer | Inserted 150 rows to ticks_db.
2025-09-15 15:03:51.595000+00:00| INFO | kafka_consumer | Inserted 2 rows to ticks_db.
2025-09-15 15:03:52.507000+00:00| INFO | monitoring | Inserted ticks monitoring data for 757 messages.
2025-09-15 15:03:52.534000+00:00| INFO | monitoring | Completed a monitoring cycle.
2025-09-15 15:03:52.559000+00:00| INFO | kafka_consumer | Inserted 7 rows to ticks_db.
2025-09-15 15:03:53.593000+00:00| INFO | kafka_consumer | Inserted 6 rows to ticks_db.
2025-09-15 15:03:54.612000+00:00| INFO | kafka_consumer | Inserted 2 rows to ticks_db.
2025-09-15 15:03:55.593000+00:00| INFO | kafka_consumer | Inserted 3 rows to ticks_db.
2025-09-15 15:03:56.599000+00:00| INFO | kafka_consumer | Inserted 14 rows to ticks_db.
2025-09-15 15:03:57.606000+00:00| INFO | kafka_consumer | Inserted 2 rows to ticks_db.
2025-09-15 15:03:58.597000+00:00| INFO | kafka_consumer | Inserted 1 rows to ticks_db.
2025-09-15 15:04:00.597000+00:00| INFO | kafka_consumer | Inserted 1 rows to ticks_db.
2025-09-15 15:04:02.595000+00:00| INFO | kafka_consumer | Inserted 4 rows to ticks_db.
2025-09-15 15:04:03.603000+00:00| INFO | kafka_consumer | Inserted 3 rows to ticks_db.
2025-09-15 15:04:04.717000+00:00| INFO | kafka_consumer | Inserted 1 rows to ticks_db.
2025-09-15 15:04:05.713000+00:00| INFO | kafka_consumer | Inserted 79 rows to ticks_db.
2025-09-15 15:04:06.611000+00:00| INFO | kafka_consumer | Inserted 86 rows to ticks_db.
2025-09-15 15:04:07.626000+00:00| INFO | kafka_consumer | Inserted 4 rows to ticks_db.
2025-09-15 15:04:10.618000+00:00| INFO | kafka_consumer | Inserted 1 rows to ticks_db.
2025-09-15 15:04:12.621000+00:00| INFO | kafka_consumer | Inserted 1 rows to ticks_db.
2025-09-15 15:04:14.621000+00:00| INFO | kafka_consumer | Inserted 1 rows to ticks_db.
2025-09-15 15:04:16.655000+00:00| INFO | kafka_consumer | Inserted 4 rows to ticks_db.
2025-09-15 15:04:17.642000+00:00| INFO | kafka_consumer | Inserted 48 rows to ticks_db.
2025-09-15 15:04:18.636000+00:00| INFO | kafka_consumer | Inserted 3 rows to ticks_db.
2025-09-15 15:04:20.760000+00:00| INFO | kafka_consumer | Inserted 1 rows to ticks_db.
2025-09-15 15:04:21.630000+00:00| INFO | kafka_consumer | Inserted 37 rows to ticks_db.
2025-09-15 15:04:22.607000+00:00| INFO | kafka_consumer | Inserted 2 rows to ticks_db.
2025-09-15 15:04:22.691000+00:00| INFO | monitoring | Completed a monitoring cycle.
2025-09-15 15:04:22.924000+00:00| INFO | monitoring | Inserted ticks monitoring data for 309 messages.
2025-09-15 15:04:23.655000+00:00| INFO | kafka_consumer | Inserted 3 rows to ticks_db.
2025-09-15 15:04:24.634000+00:00| INFO | kafka_consumer | Inserted 9 rows to ticks_db.
2025-09-15 15:04:25.694000+00:00| INFO | kafka_consumer | Inserted 1 rows to ticks_db.
2025-09-15 15:04:26.683000+00:00| INFO | kafka_consumer | Inserted 1 rows to ticks_db.
2025-09-15 15:04:27.680000+00:00| INFO | kafka_consumer | Inserted 4 rows to ticks_db.
2025-09-15 15:04:28.683000+00:00| INFO | kafka_consumer | Inserted 4 rows to ticks_db.
2025-09-15 15:04:29.704000+00:00| INFO | kafka_consumer | Inserted 5 rows to ticks_db.
2025-09-15 15:04:30.670000+00:00| INFO | kafka_consumer | Inserted 2 rows to ticks_db.
2025-09-15 15:04:32.715000+00:00| INFO | kafka_consumer | Inserted 1 rows to ticks_db.
2025-09-15 15:04:33.706000+00:00| INFO | kafka_consumer | Inserted 3 rows to ticks_db.
2025-09-15 15:04:35.743000+00:00| INFO | kafka_consumer | Inserted 2 rows to ticks_db.
2025-09-15 15:04:36.723000+00:00| INFO | kafka_consumer | Inserted 3 rows to ticks_db.
2025-09-15 15:04:37.729000+00:00| INFO | kafka_consumer | Inserted 1 rows to ticks_db.
2025-09-15 15:04:38.735000+00:00| INFO | kafka_consumer | Inserted 3 rows to ticks_db.
2025-09-15 15:04:39.733000+00:00| INFO | kafka_consumer | Inserted 1 rows to ticks_db.
2025-09-15 15:04:40.725000+00:00| INFO | kafka_consumer | Inserted 4 rows to ticks_db.
2025-09-15 15:04:41.741000+00:00| INFO | kafka_consumer | Inserted 2 rows to ticks_db.
2025-09-15 15:04:42.765000+00:00| INFO | kafka_consumer | Inserted 4 rows to ticks_db.
2025-09-15 15:04:43.760000+00:00| INFO | kafka_consumer | Inserted 3 rows to ticks_db.
2025-09-15 15:04:44.758000+00:00| INFO | kafka_consumer | Inserted 2 rows to ticks_db.
2025-09-15 15:04:45.759000+00:00| INFO | kafka_consumer | Inserted 2 rows to ticks_db.
2025-09-15 15:04:46.882000+00:00| INFO | kafka_consumer | Inserted 1 rows to ticks_db.
2025-09-15 15:04:47.764000+00:00| INFO | kafka_consumer | Inserted 4 rows to ticks_db.
2025-09-15 15:04:47.993000+00:00| INFO | __main__ | Received stop signal. Shutting down...
2025-09-15 15:04:48.380000+00:00| INFO | kafka_consumer | Inserted final 2 rows.
2025-09-15 15:04:48.380000+00:00| INFO | kafka_consumer | Closing consumer.
2025-09-15 15:04:48.380000+00:00| INFO | kafka.coordinator | Stopping heartbeat thread
2025-09-15 15:04:51.395000+00:00| WARNING | kafka.coordinator | Heartbeat thread did not fully terminate during close
2025-09-15 15:04:51.395000+00:00| INFO | kafka.coordinator | Leaving consumer group (market_data_storage).
2025-09-15 15:04:51.438000+00:00| INFO | kafka.conn | <BrokerConnection client_id=kafka-python-2.2.4, node_id=1 host=159.65.41.22:9092 <connected> [IPv4 ('159.65.41.22', 9092)]>: Closing connection. 
2025-09-15 15:04:51.439000+00:00| INFO | kafka.conn | <BrokerConnection client_id=kafka-python-2.2.4, node_id=coordinator-1 host=159.65.41.22:9092 <connected> [IPv4 ('159.65.41.22', 9092)]>: Closing connection. 
2025-09-15 15:04:51.439000+00:00| INFO | __main__ | System shutdown complete.
2025-09-15 19:07:08.967000+00:00| INFO | __main__ | System starting.
2025-09-15 19:07:08.968000+00:00| INFO | clickhouse | Creating ticks_db table.
2025-09-15 19:07:08.976000+00:00| WARNING | urllib3.connectionpool | Retrying (Retry(total=0, connect=None, read=None, redirect=0, status=None)) after connection broken by 'NewConnectionError('<urllib3.connection.HTTPConnection object at 0x7f3fb2c23880>: Failed to establish a new connection: [Errno 111] Connection refused')': /?
2025-09-15 19:07:08.977000+00:00| WARNING | clickhouse_connect.driver.httpclient | Unexpected Http Driver Exception
2025-09-15 19:07:08.977000+00:00| ERROR | __main__ | Fatal error in main loop
2025-09-15 19:07:10.861000+00:00| INFO | __main__ | System starting.
2025-09-15 19:07:10.862000+00:00| INFO | clickhouse | Creating ticks_db table.
2025-09-15 19:07:10.883000+00:00| INFO | clickhouse | ticks_db table created successfully.
2025-09-15 19:07:10.884000+00:00| INFO | clickhouse | Creating websocket_diagnostics table.
2025-09-15 19:07:10.902000+00:00| INFO | clickhouse | websocket_diagnostics table created successfully.
2025-09-15 19:07:10.903000+00:00| INFO | clickhouse | Creating processing_diagnostics table.
2025-09-15 19:07:10.907000+00:00| INFO | clickhouse | processing_diagnostics table created successfully.
2025-09-15 19:07:10.908000+00:00| INFO | clickhouse | Creating monitoring_db table.
2025-09-15 19:07:10.935000+00:00| INFO | clickhouse | monitoring_db table created successfully.
2025-09-15 19:07:10.936000+00:00| INFO | clickhouse | Creating uptime_db table.
2025-09-15 19:07:10.967000+00:00| INFO | clickhouse | uptime_db table created successfully.
2025-09-15 19:07:11.006000+00:00| INFO | kafka_consumer | Kafka consumer started.
2025-09-15 19:07:11.021000+00:00| INFO | kafka.conn | <BrokerConnection client_id=kafka-python-2.2.15, node_id=bootstrap-0 host=159.65.41.22:9092 <connecting> [IPv4 ('159.65.41.22', 9092)]>: connecting to 159.65.41.22:9092 [('159.65.41.22', 9092) IPv4]
2025-09-15 19:07:11.178000+00:00| INFO | kafka.conn | <BrokerConnection client_id=kafka-python-2.2.15, node_id=bootstrap-0 host=159.65.41.22:9092 <checking_api_versions_recv> [IPv4 ('159.65.41.22', 9092)]>: Broker version identified as 2.6
2025-09-15 19:07:11.179000+00:00| INFO | kafka.conn | <BrokerConnection client_id=kafka-python-2.2.15, node_id=bootstrap-0 host=159.65.41.22:9092 <connected> [IPv4 ('159.65.41.22', 9092)]>: Connection complete.
2025-09-15 19:07:11.182000+00:00| INFO | kafka.consumer.subscription_state | Updating subscribed topics to: ('price_ticks',)
2025-09-15 19:07:11.227000+00:00| INFO | kafka.conn | <BrokerConnection client_id=kafka-python-2.2.15, node_id=1 host=159.65.41.22:9092 <connecting> [IPv4 ('159.65.41.22', 9092)]>: connecting to 159.65.41.22:9092 [('159.65.41.22', 9092) IPv4]
2025-09-15 19:07:11.329000+00:00| INFO | kafka.conn | <BrokerConnection client_id=kafka-python-2.2.15, node_id=1 host=159.65.41.22:9092 <connected> [IPv4 ('159.65.41.22', 9092)]>: Connection complete.
2025-09-15 19:07:11.331000+00:00| INFO | kafka.conn | <BrokerConnection client_id=kafka-python-2.2.15, node_id=bootstrap-0 host=159.65.41.22:9092 <connected> [IPv4 ('159.65.41.22', 9092)]>: Closing connection. 
2025-09-15 19:07:11.479000+00:00| INFO | kafka.cluster | Coordinator for group/market_data_storage is BrokerMetadata(nodeId='coordinator-1', host='159.65.41.22', port=9092, rack=None)
2025-09-15 19:07:11.480000+00:00| INFO | kafka.coordinator | Discovered coordinator coordinator-1 for group market_data_storage
2025-09-15 19:07:11.481000+00:00| INFO | kafka.coordinator.heartbeat | Starting new heartbeat thread
2025-09-15 19:07:11.483000+00:00| INFO | kafka.coordinator.consumer | Revoking previously assigned partitions set() for group market_data_storage
2025-09-15 19:07:11.493000+00:00| INFO | kafka.coordinator | Failed to join group market_data_storage: NodeNotReadyError: coordinator-1
2025-09-15 19:07:11.495000+00:00| INFO | kafka.conn | <BrokerConnection client_id=kafka-python-2.2.15, node_id=coordinator-1 host=159.65.41.22:9092 <connecting> [IPv4 ('159.65.41.22', 9092)]>: connecting to 159.65.41.22:9092 [('159.65.41.22', 9092) IPv4]
2025-09-15 19:07:11.597000+00:00| INFO | kafka.coordinator | Failed to join group market_data_storage: NodeNotReadyError: coordinator-1
2025-09-15 19:07:11.599000+00:00| INFO | kafka.conn | <BrokerConnection client_id=kafka-python-2.2.15, node_id=coordinator-1 host=159.65.41.22:9092 <connected> [IPv4 ('159.65.41.22', 9092)]>: Connection complete.
2025-09-15 19:07:11.681000+00:00| INFO | kafka.coordinator | (Re-)joining group market_data_storage
2025-09-15 19:07:11.729000+00:00| INFO | kafka.coordinator | Received member id kafka-python-2.2.15-d14a174a-77e0-448a-bdbb-88c944e725de for group market_data_storage; will retry join-group
2025-09-15 19:07:11.730000+00:00| INFO | kafka.coordinator | Failed to join group market_data_storage: [Error 79] MemberIdRequiredError
2025-09-15 19:07:11.732000+00:00| INFO | kafka.coordinator | (Re-)joining group market_data_storage
2025-09-15 19:07:14.777000+00:00| INFO | kafka.coordinator | Successfully joined group market_data_storage <Generation 1 (member_id: kafka-python-2.2.15-d14a174a-77e0-448a-bdbb-88c944e725de, protocol: range)>
2025-09-15 19:07:14.779000+00:00| INFO | kafka.coordinator | Elected group leader -- performing partition assignments using range
2025-09-15 19:07:14.829000+00:00| INFO | kafka.consumer.subscription_state | Updated partition assignment: [TopicPartition(topic='price_ticks', partition=0)]
2025-09-15 19:07:14.831000+00:00| INFO | kafka.coordinator.consumer | Setting newly assigned partitions {TopicPartition(topic='price_ticks', partition=0)} for group market_data_storage
2025-09-15 19:07:14.949000+00:00| INFO | kafka.consumer.fetcher | Resetting offset for partition TopicPartition(topic='price_ticks', partition=0) to offset 33879367.
2025-09-15 19:07:15.196000+00:00| INFO | kafka_consumer | Inserted 1 rows to ticks_db.
2025-09-15 19:07:16.446000+00:00| INFO | kafka_consumer | Inserted 1 rows to ticks_db.
2025-09-15 19:07:17.453000+00:00| INFO | kafka_consumer | Inserted 1 rows to ticks_db.
2025-09-15 19:07:18.446000+00:00| INFO | kafka_consumer | Inserted 2 rows to ticks_db.
2025-09-15 19:07:19.492000+00:00| INFO | kafka_consumer | Inserted 6 rows to ticks_db.
2025-09-15 19:07:19.770000+00:00| INFO | kafka_consumer | Inserted 150 rows to ticks_db.
2025-09-15 19:07:20.495000+00:00| INFO | kafka_consumer | Inserted 130 rows to ticks_db.
2025-09-15 19:07:20.661000+00:00| INFO | kafka_consumer | Inserted 150 rows to ticks_db.
2025-09-15 19:07:21.108000+00:00| INFO | cloud_migration | Written Parquet files: parquet_data/ticks.parquet and parquet_data/ticks_20250915_190721.parquet
2025-09-15 19:07:21.129000+00:00| INFO | cloud_migration | Written Parquet files: parquet_data/ws_diagnostics.parquet and parquet_data/ws_diagnostics_20250915_190721.parquet
2025-09-15 19:07:21.151000+00:00| INFO | cloud_migration | Written Parquet files: parquet_data/proc_diagnostics.parquet and parquet_data/proc_diagnostics_20250915_190721.parquet
2025-09-15 19:07:21.170000+00:00| INFO | cloud_migration | Written Parquet files: parquet_data/monitoring.parquet and parquet_data/monitoring_20250915_190721.parquet
2025-09-15 19:07:21.187000+00:00| INFO | cloud_migration | Written Parquet files: parquet_data/uptime_diagnostics.parquet and parquet_data/uptime_diagnostics_20250915_190721.parquet
2025-09-15 19:07:21,246 | INFO | cloud_migration | Uploaded parquet_data/ws_diagnostics_20250915_190721.parquet to S3 at archived_data/ws_diagnostics_20250915_190721.parquet
2025-09-15 19:07:21,247 | INFO | cloud_migration | Uploaded parquet_data/proc_diagnostics_20250915_190721.parquet to S3 at archived_data/proc_diagnostics_20250915_190721.parquet
2025-09-15 19:07:21,248 | INFO | cloud_migration | Uploaded parquet_data/uptime_diagnostics_20250915_190721.parquet to S3 at archived_data/uptime_diagnostics_20250915_190721.parquet
2025-09-15 19:07:21,248 | INFO | cloud_migration | Uploaded parquet_data/monitoring_20250915_190721.parquet to S3 at archived_data/monitoring_20250915_190721.parquet
2025-09-15 19:07:21,249 | INFO | cloud_migration | Uploaded parquet_data/ticks_20250915_190721.parquet to S3 at archived_data/ticks_20250915_190721.parquet
2025-09-15 19:07:21,450 | INFO | kafka_consumer | Inserted 56 rows to ticks_db.
2025-09-15 19:07:22,467 | INFO | kafka_consumer | Inserted 3 rows to ticks_db.
2025-09-15 19:07:23,451 | INFO | kafka_consumer | Inserted 26 rows to ticks_db.
2025-09-15 19:07:24,475 | INFO | kafka_consumer | Inserted 23 rows to ticks_db.
2025-09-15 19:07:25,459 | INFO | kafka_consumer | Inserted 117 rows to ticks_db.
2025-09-15 19:07:26,503 | INFO | kafka_consumer | Inserted 38 rows to ticks_db.
2025-09-15 19:07:27,516 | INFO | kafka_consumer | Inserted 3 rows to ticks_db.
2025-09-15 19:07:28,518 | INFO | kafka_consumer | Inserted 75 rows to ticks_db.
2025-09-15 19:07:29,484 | INFO | kafka_consumer | Inserted 148 rows to ticks_db.
2025-09-15 19:07:30,490 | INFO | kafka_consumer | Inserted 1 rows to ticks_db.
2025-09-15 19:07:31,487 | INFO | kafka_consumer | Inserted 10 rows to ticks_db.
2025-09-15 19:07:32,498 | INFO | kafka_consumer | Inserted 1 rows to ticks_db.
2025-09-15 19:07:33,508 | INFO | kafka_consumer | Inserted 2 rows to ticks_db.
2025-09-15 19:07:34,616 | INFO | kafka_consumer | Inserted 6 rows to ticks_db.
2025-09-15 19:07:35,495 | INFO | kafka_consumer | Inserted 41 rows to ticks_db.
2025-09-15 19:07:38,511 | INFO | kafka_consumer | Inserted 2 rows to ticks_db.
2025-09-15 19:07:39,491 | INFO | kafka_consumer | Inserted 9 rows to ticks_db.
2025-09-15 19:07:40,510 | INFO | kafka_consumer | Inserted 3 rows to ticks_db.
2025-09-15 19:07:41,074 | INFO | monitoring | Inserted ticks monitoring data for 1005 messages.
2025-09-15 19:07:41,528 | INFO | kafka_consumer | Inserted 33 rows to ticks_db.
2025-09-15 19:07:42,059 | INFO | monitoring | Completed a monitoring cycle.
2025-09-15 19:07:42,514 | INFO | kafka_consumer | Inserted 24 rows to ticks_db.
2025-09-15 19:07:43,496 | INFO | kafka_consumer | Inserted 5 rows to ticks_db.
2025-09-15 19:07:44,496 | INFO | kafka_consumer | Inserted 2 rows to ticks_db.
2025-09-15 19:07:45,515 | INFO | kafka_consumer | Inserted 2 rows to ticks_db.
2025-09-15 19:07:46,507 | INFO | kafka_consumer | Inserted 4 rows to ticks_db.
2025-09-15 19:07:47,510 | INFO | kafka_consumer | Inserted 4 rows to ticks_db.
2025-09-15 19:07:49,531 | INFO | kafka_consumer | Inserted 2 rows to ticks_db.
2025-09-15 19:07:50,569 | INFO | kafka_consumer | Inserted 2 rows to ticks_db.
2025-09-15 19:07:51,520 | INFO | kafka_consumer | Inserted 114 rows to ticks_db.
2025-09-15 19:07:52,526 | INFO | kafka_consumer | Inserted 14 rows to ticks_db.
2025-09-15 19:07:53,553 | INFO | kafka_consumer | Inserted 2 rows to ticks_db.
2025-09-15 19:07:55,592 | INFO | kafka_consumer | Inserted 42 rows to ticks_db.
2025-09-15 19:07:56,539 | INFO | kafka_consumer | Inserted 39 rows to ticks_db.
2025-09-15 19:07:57,550 | INFO | kafka_consumer | Inserted 51 rows to ticks_db.
2025-09-15 19:07:58,540 | INFO | kafka_consumer | Inserted 123 rows to ticks_db.
2025-09-15 19:07:59,538 | INFO | kafka_consumer | Inserted 32 rows to ticks_db.
2025-09-15 19:08:00,530 | INFO | kafka_consumer | Inserted 1 rows to ticks_db.
2025-09-15 19:08:01,528 | INFO | kafka_consumer | Inserted 1 rows to ticks_db.
2025-09-15 19:08:02,543 | INFO | kafka_consumer | Inserted 2 rows to ticks_db.
2025-09-15 19:08:03,564 | INFO | kafka_consumer | Inserted 1 rows to ticks_db.
2025-09-15 19:08:04,580 | INFO | kafka_consumer | Inserted 83 rows to ticks_db.
2025-09-15 19:08:05,552 | INFO | kafka_consumer | Inserted 50 rows to ticks_db.
2025-09-15 19:08:06,547 | INFO | kafka_consumer | Inserted 69 rows to ticks_db.
2025-09-15 19:08:06,695 | INFO | kafka_consumer | Inserted 150 rows to ticks_db.
2025-09-15 19:08:07,540 | INFO | kafka_consumer | Inserted 4 rows to ticks_db.
2025-09-15 19:08:08,594 | INFO | kafka_consumer | Inserted 103 rows to ticks_db.
2025-09-15 19:08:09,618 | INFO | kafka_consumer | Inserted 80 rows to ticks_db.
2025-09-15 19:08:09,776 | INFO | kafka_consumer | Inserted 150 rows to ticks_db.
2025-09-15 19:08:10,615 | INFO | kafka_consumer | Inserted 50 rows to ticks_db.
2025-09-15 19:08:11,163 | INFO | monitoring | Inserted ticks monitoring data for 1239 messages.
2025-09-15 19:08:11,624 | INFO | kafka_consumer | Inserted 100 rows to ticks_db.
2025-09-15 19:08:11,763 | INFO | kafka_consumer | Inserted 150 rows to ticks_db.
2025-09-15 19:08:12,075 | INFO | monitoring | Completed a monitoring cycle.
2025-09-15 19:08:13,608 | INFO | kafka_consumer | Inserted 17 rows to ticks_db.
2025-09-15 19:08:14,591 | INFO | kafka_consumer | Inserted 45 rows to ticks_db.
2025-09-15 19:08:15,610 | INFO | kafka_consumer | Inserted 3 rows to ticks_db.
2025-09-15 19:08:16,590 | INFO | kafka_consumer | Inserted 41 rows to ticks_db.
2025-09-15 19:08:17,626 | INFO | kafka_consumer | Inserted 2 rows to ticks_db.
2025-09-15 19:08:19,597 | INFO | kafka_consumer | Inserted 74 rows to ticks_db.
2025-09-15 19:08:20,623 | INFO | kafka_consumer | Inserted 2 rows to ticks_db.
2025-09-15 19:08:20,901 | INFO | kafka_consumer | Inserted 90 rows to ticks_db.
2025-09-15 19:08:21,610 | INFO | kafka_consumer | Inserted 50 rows to ticks_db.
2025-09-15 19:08:22,621 | INFO | kafka_consumer | Inserted 6 rows to ticks_db.
2025-09-15 19:08:24,631 | INFO | kafka_consumer | Inserted 28 rows to ticks_db.
2025-09-15 19:08:25,623 | INFO | kafka_consumer | Inserted 3 rows to ticks_db.
2025-09-15 19:08:26,605 | INFO | kafka_consumer | Inserted 7 rows to ticks_db.
2025-09-15 19:08:27,604 | INFO | kafka_consumer | Inserted 6 rows to ticks_db.
2025-09-15 19:08:28,597 | INFO | kafka_consumer | Inserted 1 rows to ticks_db.
2025-09-15 19:08:30,625 | INFO | kafka_consumer | Inserted 2 rows to ticks_db.
2025-09-15 19:08:33,662 | INFO | kafka_consumer | Inserted 3 rows to ticks_db.
2025-09-15 19:08:35,729 | INFO | kafka_consumer | Inserted 111 rows to ticks_db.
2025-09-15 19:08:36,653 | INFO | kafka_consumer | Inserted 49 rows to ticks_db.
2025-09-15 19:08:37,663 | INFO | kafka_consumer | Inserted 7 rows to ticks_db.
2025-09-15 19:08:39,713 | INFO | kafka_consumer | Inserted 7 rows to ticks_db.
2025-09-15 19:08:41,233 | INFO | monitoring | Inserted ticks monitoring data for 804 messages.
2025-09-15 19:08:41,678 | INFO | kafka_consumer | Inserted 1 rows to ticks_db.
2025-09-15 19:08:42,117 | INFO | monitoring | Completed a monitoring cycle.
2025-09-15 19:08:42,681 | INFO | kafka_consumer | Inserted 10 rows to ticks_db.
2025-09-15 19:08:44,677 | INFO | kafka_consumer | Inserted 2 rows to ticks_db.
2025-09-15 19:08:46,677 | INFO | kafka_consumer | Inserted 1 rows to ticks_db.
2025-09-15 19:08:49,678 | INFO | kafka_consumer | Inserted 1 rows to ticks_db.
2025-09-15 19:08:50,675 | INFO | kafka_consumer | Inserted 1 rows to ticks_db.
2025-09-15 19:08:51,673 | INFO | kafka_consumer | Inserted 6 rows to ticks_db.
2025-09-15 19:08:52,675 | INFO | kafka_consumer | Inserted 1 rows to ticks_db.
2025-09-15 19:08:54,685 | INFO | kafka_consumer | Inserted 1 rows to ticks_db.
2025-09-15 19:08:55,728 | INFO | kafka_consumer | Inserted 1 rows to ticks_db.
2025-09-15 19:08:56,693 | INFO | kafka_consumer | Inserted 42 rows to ticks_db.
2025-09-15 19:08:57,703 | INFO | kafka_consumer | Inserted 11 rows to ticks_db.
2025-09-15 19:08:58,772 | INFO | kafka_consumer | Inserted 1 rows to ticks_db.
2025-09-15 19:08:58,914 | INFO | kafka_consumer | Inserted 150 rows to ticks_db.
2025-09-15 19:09:00,726 | INFO | kafka_consumer | Inserted 22 rows to ticks_db.
2025-09-15 19:09:02,735 | INFO | kafka_consumer | Inserted 27 rows to ticks_db.
2025-09-15 19:09:03,760 | INFO | kafka_consumer | Inserted 58 rows to ticks_db.
2025-09-15 19:09:04,713 | INFO | kafka_consumer | Inserted 88 rows to ticks_db.
2025-09-15 19:09:05,720 | INFO | kafka_consumer | Inserted 3 rows to ticks_db.
2025-09-15 19:09:06,718 | INFO | kafka_consumer | Inserted 94 rows to ticks_db.
2025-09-15 19:09:08,691 | INFO | kafka_consumer | Inserted 100 rows to ticks_db.
2025-09-15 19:09:10,696 | INFO | kafka_consumer | Inserted 1 rows to ticks_db.
2025-09-15 19:09:11,288 | INFO | monitoring | Inserted ticks monitoring data for 622 messages.
2025-09-15 19:09:11,713 | INFO | kafka_consumer | Inserted 1 rows to ticks_db.
2025-09-15 19:09:12,158 | INFO | monitoring | Completed a monitoring cycle.
2025-09-15 19:09:12,763 | INFO | kafka_consumer | Inserted 2 rows to ticks_db.
2025-09-15 19:09:12,921 | INFO | kafka_consumer | Inserted 150 rows to ticks_db.
2025-09-15 19:09:13,738 | INFO | kafka_consumer | Inserted 4 rows to ticks_db.
2025-09-15 19:09:14,759 | INFO | kafka_consumer | Inserted 38 rows to ticks_db.
2025-09-15 19:09:15,719 | INFO | kafka_consumer | Inserted 32 rows to ticks_db.
2025-09-15 19:09:16,728 | INFO | kafka_consumer | Inserted 3 rows to ticks_db.
2025-09-15 19:09:17,733 | INFO | kafka_consumer | Inserted 1 rows to ticks_db.
2025-09-15 19:09:18,754 | INFO | kafka_consumer | Inserted 16 rows to ticks_db.
2025-09-15 19:09:19,861 | INFO | kafka_consumer | Inserted 58 rows to ticks_db.
2025-09-15 19:09:20,723 | INFO | kafka_consumer | Inserted 51 rows to ticks_db.
2025-09-15 19:09:21,727 | INFO | kafka_consumer | Inserted 1 rows to ticks_db.
2025-09-15 19:09:22,732 | INFO | kafka_consumer | Inserted 18 rows to ticks_db.
2025-09-15 19:09:23,747 | INFO | kafka_consumer | Inserted 30 rows to ticks_db.
2025-09-15 19:09:24,729 | INFO | kafka_consumer | Inserted 20 rows to ticks_db.
2025-09-15 19:09:26,723 | INFO | kafka_consumer | Inserted 1 rows to ticks_db.
2025-09-15 19:09:27,726 | INFO | kafka_consumer | Inserted 1 rows to ticks_db.
2025-09-15 19:09:28,736 | INFO | kafka_consumer | Inserted 2 rows to ticks_db.
2025-09-15 19:09:30,740 | INFO | kafka_consumer | Inserted 3 rows to ticks_db.
2025-09-15 19:09:31,774 | INFO | kafka_consumer | Inserted 1 rows to ticks_db.
2025-09-15 19:09:32,841 | INFO | kafka_consumer | Inserted 1 rows to ticks_db.
2025-09-15 19:09:33,049 | INFO | kafka_consumer | Inserted 150 rows to ticks_db.
2025-09-15 19:09:33,806 | INFO | kafka_consumer | Inserted 18 rows to ticks_db.
2025-09-15 19:09:34,799 | INFO | kafka_consumer | Inserted 12 rows to ticks_db.
2025-09-15 19:09:35,776 | INFO | kafka_consumer | Inserted 123 rows to ticks_db.
2025-09-15 19:09:36,786 | INFO | kafka_consumer | Inserted 9 rows to ticks_db.
2025-09-15 19:09:37,783 | INFO | kafka_consumer | Inserted 5 rows to ticks_db.
2025-09-15 19:09:38,787 | INFO | kafka_consumer | Inserted 1 rows to ticks_db.
2025-09-15 19:09:40,798 | INFO | kafka_consumer | Inserted 4 rows to ticks_db.
2025-09-15 19:09:41,355 | INFO | monitoring | Inserted ticks monitoring data for 756 messages.
2025-09-15 19:09:41,787 | INFO | kafka_consumer | Inserted 7 rows to ticks_db.
2025-09-15 19:09:42,200 | INFO | monitoring | Completed a monitoring cycle.
2025-09-15 19:09:42,839 | INFO | kafka_consumer | Inserted 3 rows to ticks_db.
2025-09-15 19:09:46,801 | INFO | kafka_consumer | Inserted 1 rows to ticks_db.
2025-09-15 19:09:47,834 | INFO | kafka_consumer | Inserted 2 rows to ticks_db.
2025-09-15 19:09:48,853 | INFO | kafka_consumer | Inserted 86 rows to ticks_db.
2025-09-15 19:09:49,873 | INFO | kafka_consumer | Inserted 105 rows to ticks_db.
2025-09-15 19:09:51,843 | INFO | kafka_consumer | Inserted 52 rows to ticks_db.
2025-09-15 19:09:52,869 | INFO | kafka_consumer | Inserted 3 rows to ticks_db.
2025-09-15 19:09:53,880 | INFO | kafka_consumer | Inserted 48 rows to ticks_db.
2025-09-15 19:09:54,080 | INFO | kafka_consumer | Inserted 150 rows to ticks_db.
2025-09-15 19:09:54,858 | INFO | kafka_consumer | Inserted 82 rows to ticks_db.
2025-09-15 19:09:57,842 | INFO | kafka_consumer | Inserted 117 rows to ticks_db.
2025-09-15 19:09:58,873 | INFO | kafka_consumer | Inserted 14 rows to ticks_db.
2025-09-15 19:09:59,910 | INFO | kafka_consumer | Inserted 4 rows to ticks_db.
2025-09-15 19:10:00,083 | INFO | kafka_consumer | Inserted 150 rows to ticks_db.
2025-09-15 19:10:00,877 | INFO | kafka_consumer | Inserted 15 rows to ticks_db.
2025-09-15 19:10:01,864 | INFO | kafka_consumer | Inserted 26 rows to ticks_db.
2025-09-15 19:10:02,872 | INFO | kafka_consumer | Inserted 2 rows to ticks_db.
2025-09-15 19:10:03,877 | INFO | kafka_consumer | Inserted 13 rows to ticks_db.
2025-09-15 19:10:04,980 | INFO | kafka_consumer | Inserted 3 rows to ticks_db.
2025-09-15 19:10:07,984 | INFO | kafka_consumer | Inserted 52 rows to ticks_db.
2025-09-15 19:10:08,892 | INFO | kafka_consumer | Inserted 113 rows to ticks_db.
2025-09-15 19:10:09,873 | INFO | kafka_consumer | Inserted 1 rows to ticks_db.
2025-09-15 19:10:10,982 | INFO | kafka_consumer | Inserted 4 rows to ticks_db.
2025-09-15 19:10:11,444 | INFO | monitoring | Inserted ticks monitoring data for 1053 messages.
2025-09-15 19:10:12,238 | INFO | monitoring | Completed a monitoring cycle.
2025-09-15 19:10:12,936 | INFO | kafka_consumer | Inserted 4 rows to ticks_db.
2025-09-15 19:10:14,046 | INFO | kafka_consumer | Inserted 88 rows to ticks_db.
2025-09-15 19:10:15,007 | INFO | kafka_consumer | Inserted 136 rows to ticks_db.
2025-09-15 19:10:16,010 | INFO | kafka_consumer | Inserted 107 rows to ticks_db.
2025-09-15 19:10:17,029 | INFO | kafka_consumer | Inserted 26 rows to ticks_db.
2025-09-15 19:10:19,037 | INFO | kafka_consumer | Inserted 3 rows to ticks_db.
2025-09-15 19:10:21,050 | INFO | kafka_consumer | Inserted 1 rows to ticks_db.
2025-09-15 19:10:22,140 | INFO | kafka_consumer | Inserted 2 rows to ticks_db.
2025-09-15 19:10:22,296 | INFO | kafka_consumer | Inserted 150 rows to ticks_db.
2025-09-15 19:10:23,056 | INFO | kafka_consumer | Inserted 19 rows to ticks_db.
2025-09-15 19:10:24,190 | INFO | kafka_consumer | Inserted 22 rows to ticks_db.
2025-09-15 19:10:25,175 | INFO | kafka_consumer | Inserted 102 rows to ticks_db.
2025-09-15 19:10:26,076 | INFO | kafka_consumer | Inserted 4 rows to ticks_db.
2025-09-15 19:10:29,073 | INFO | kafka_consumer | Inserted 2 rows to ticks_db.
2025-09-15 19:10:31,165 | INFO | kafka_consumer | Inserted 4 rows to ticks_db.
2025-09-15 19:10:31,425 | INFO | kafka_consumer | Inserted 50 rows to ticks_db.
2025-09-15 19:10:31,514 | INFO | kafka_consumer | Inserted 150 rows to ticks_db.
2025-09-15 19:10:32,150 | INFO | kafka_consumer | Inserted 26 rows to ticks_db.
2025-09-15 19:10:33,189 | INFO | kafka_consumer | Inserted 42 rows to ticks_db.
2025-09-15 19:10:34,100 | INFO | kafka_consumer | Inserted 79 rows to ticks_db.
2025-09-15 19:10:35,099 | INFO | kafka_consumer | Inserted 102 rows to ticks_db.
